
## ---------------------- ##
## Running config.status. ##
## ---------------------- ##

This file was extended by holy config.status 2.02, which was
generated by GNU Autoconf 2.72.  Invocation command line was

  CONFIG_FILES    = 
  CONFIG_HEADERS  = 
  CONFIG_LINKS    = 
  CONFIG_COMMANDS = 
  $ ../config.status --file=gensyminfo.sh:-

on snoo


## ---------------------- ##
## Running config.status. ##
## ---------------------- ##

This file was extended by holy config.status 2.02, which was
generated by GNU Autoconf 2.72.  Invocation command line was

  CONFIG_FILES    = 
  CONFIG_HEADERS  = 
  CONFIG_LINKS    = 
  CONFIG_COMMANDS = 
  $ ../config.status --file=genmod.sh:-

on snoo

config.status:2079: creating gensyminfo.sh

## ---------------------- ##
## Running config.status. ##
## ---------------------- ##

This file was extended by holy config.status 2.02, which was
generated by GNU Autoconf 2.72.  Invocation command line was

  CONFIG_FILES    = 
  CONFIG_HEADERS  = 
  CONFIG_LINKS    = 
  CONFIG_COMMANDS = 
  $ ../config.status --file=modinfo.sh:-

on snoo

config.status:2079: creating genmod.sh
config.status:2079: creating modinfo.sh

## ---------------------- ##
## Running config.status. ##
## ---------------------- ##

This file was extended by holy config.status 2.02, which was
generated by GNU Autoconf 2.72.  Invocation command line was

  CONFIG_FILES    = 
  CONFIG_HEADERS  = 
  CONFIG_LINKS    = 
  CONFIG_COMMANDS = 
  $ ../config.status --file=gmodule.pl:-

on snoo


## ---------------------- ##
## Running config.status. ##
## ---------------------- ##

This file was extended by holy config.status 2.02, which was
generated by GNU Autoconf 2.72.  Invocation command line was

  CONFIG_FILES    = 
  CONFIG_HEADERS  = 
  CONFIG_LINKS    = 
  CONFIG_COMMANDS = 
  $ ../config.status --file=gdb_holy:-

on snoo

config.status:2079: creating gdb_holy
config.status:2079: creating gmodule.pl
